Base path: C:/Program Files/Unity 5.1.1f1/Editor/Data
Pipe name: \\.\pipe\UnityShaderCompiler-64bit-1-8388
Cmd: getPlatforms
Cmd: preprocess
  insize=9613 outsize=2424 ok=1
Cmd: compileSnippet
  api=4 type=0 insize=6798 outsize=1006 kw= ok=1
Cmd: compileSnippet
  api=4 type=1 insize=6798 outsize=1899 kw= ok=1
Cmd: compileSnippet
  api=4 type=0 insize=6793 outsize=1006 kw= ok=1
Cmd: compileSnippet
  api=4 type=1 insize=6793 outsize=3565 kw= ok=1
Cmd: compileSnippet
  api=4 type=0 insize=6793 outsize=1006 kw= ok=1
Cmd: compileSnippet
  api=4 type=1 insize=6793 outsize=1485 kw= ok=1
Cmd: compileSnippet
  api=4 type=0 insize=6793 outsize=1006 kw= ok=1
Cmd: compileSnippet
  api=4 type=1 insize=6793 outsize=1485 kw= ok=1
Cmd: compileSnippet
  api=4 type=0 insize=6795 outsize=1006 kw= ok=1
Cmd: compileSnippet
  api=4 type=1 insize=6795 outsize=1810 kw= ok=1
Cmd: compileSnippet
  api=4 type=0 insize=6795 outsize=1006 kw= ok=1
Cmd: compileSnippet
  api=4 type=1 insize=6795 outsize=1485 kw= ok=1
Cmd: compileSnippet
  api=4 type=0 insize=6804 outsize=1006 kw= ok=1
Cmd: compileSnippet
  api=4 type=1 insize=6804 outsize=1444 kw= ok=1
Cmd: compileSnippet
  api=4 type=0 insize=6809 outsize=1006 kw= ok=1
Cmd: compileSnippet
  api=4 type=1 insize=6809 outsize=1363 kw= ok=1
Cmd: compileSnippet
  api=4 type=0 insize=6802 outsize=1006 kw= ok=1
Cmd: compileSnippet
  api=4 type=1 insize=6802 outsize=868 kw= ok=1
Cmd: compileSnippet
  api=4 type=0 insize=6800 outsize=1006 kw= ok=1
Cmd: compileSnippet
  api=4 type=1 insize=6800 outsize=1526 kw= ok=1
Cmd: compileSnippet
  api=4 type=0 insize=6807 outsize=1006 kw= ok=1
Cmd: compileSnippet
  api=4 type=1 insize=6807 outsize=1948 kw= ok=1
Cmd: preprocess
  insize=11644 outsize=759 ok=1
Cmd: compileSnippet
  api=4 type=0 insize=10901 outsize=1006 kw= ok=1
Cmd: compileSnippet
  api=4 type=1 insize=10901 outsize=1688 kw= ok=1
Cmd: compileSnippet
  api=4 type=0 insize=10924 outsize=1006 kw= ok=1
Cmd: compileSnippet
  api=4 type=1 insize=10924 outsize=9285 kw= ok=1
Cmd: compileSnippet
  api=4 type=0 insize=10923 outsize=1006 kw= ok=1
Cmd: compileSnippet
  api=4 type=1 insize=10923 outsize=9301 kw= ok=1
Cmd: preprocess
  insize=1297 outsize=485 ok=1
Cmd: compileSnippet
  api=4 type=0 insize=1051 outsize=1006 kw= ok=1
Cmd: compileSnippet
  api=4 type=1 insize=1051 outsize=859 kw= ok=1
Cmd: compileSnippet
  api=4 type=0 insize=1050 outsize=1006 kw= ok=1
Cmd: compileSnippet
  api=4 type=1 insize=1050 outsize=859 kw= ok=1
Cmd: preprocess
  insize=10024 outsize=960 ok=1
Cmd: compileSnippet
  api=4 type=0 insize=9256 outsize=1924 kw= ok=1
Cmd: compileSnippet
  api=4 type=1 insize=9256 outsize=3110 kw= ok=1
Cmd: compileSnippet
  api=4 type=0 insize=9260 outsize=2013 kw= ok=1
Cmd: compileSnippet
  api=4 type=1 insize=9260 outsize=3313 kw= ok=1
Cmd: compileSnippet
  api=4 type=0 insize=9281 outsize=1355 kw= ok=1
Cmd: compileSnippet
  api=4 type=1 insize=9281 outsize=4979 kw= ok=1
Cmd: compileSnippet
  api=4 type=0 insize=9276 outsize=1355 kw= ok=1
Cmd: compileSnippet
  api=4 type=1 insize=9276 outsize=5239 kw= ok=1
Cmd: compileSnippet
  api=4 type=0 insize=9280 outsize=1493 kw= ok=1
Cmd: compileSnippet
  api=4 type=1 insize=9280 outsize=1518 kw= ok=1
Cmd: preprocess
  insize=1766 outsize=369 ok=1
Cmd: compileSnippet
  api=4 type=0 insize=1698 outsize=1363 kw= ok=1
Cmd: compileSnippet
  api=4 type=1 insize=1698 outsize=1981 kw= ok=1
Cmd: preprocess
  insize=980 outsize=375 ok=1
Cmd: compileSnippet
  api=4 type=0 insize=910 outsize=1006 kw= ok=1
Cmd: compileSnippet
  api=4 type=1 insize=910 outsize=1241 kw= ok=1
Cmd: preprocess
  insize=1071 outsize=336 ok=1
Cmd: compileSnippet
  api=4 type=0 insize=1040 outsize=1006 kw= ok=1
Cmd: compileSnippet
  api=4 type=1 insize=1040 outsize=973 kw= ok=1
Cmd: preprocess
  insize=2431 outsize=1147 ok=1
Cmd: compileSnippet
  api=4 type=0 insize=1586 outsize=1087 kw= ok=1
Cmd: compileSnippet
  api=4 type=1 insize=1586 outsize=1794 kw= ok=1
Cmd: preprocess
  insize=2062 outsize=510 ok=1
Cmd: compileSnippet
  api=4 type=0 insize=1854 outsize=1006 kw= ok=1
Cmd: compileSnippet
  api=4 type=1 insize=1854 outsize=1704 kw= ok=1
Cmd: preprocess
  insize=1366 outsize=432 ok=1
Cmd: compileSnippet
  api=4 type=0 insize=1239 outsize=1355 kw= ok=1
Cmd: compileSnippet
  api=4 type=1 insize=1239 outsize=1542 kw= ok=1
Cmd: preprocess
  insize=3792 outsize=744 ok=1
Cmd: compileSnippet
  api=4 type=0 insize=3272 outsize=1006 kw= ok=1
Cmd: compileSnippet
  api=4 type=1 insize=3272 outsize=1355 kw= ok=1
Cmd: compileSnippet
  api=4 type=0 insize=3270 outsize=1006 kw= ok=1
Cmd: compileSnippet
  api=4 type=1 insize=3270 outsize=1225 kw= ok=1
Cmd: compileSnippet
  api=4 type=0 insize=3316 outsize=1006 kw= ok=1
Cmd: compileSnippet
  api=4 type=1 insize=3316 outsize=2801 kw= ok=1
Cmd: preprocess
  insize=1303 outsize=429 ok=1
Cmd: compileSnippet
  api=4 type=0 insize=1179 outsize=1006 kw= ok=1
Cmd: compileSnippet
  api=4 type=1 insize=1179 outsize=1973 kw= ok=1
Cmd: preprocess
  insize=7094 outsize=843 ok=1
Cmd: compileSnippet
  api=4 type=0 insize=2105 outsize=1225 kw= ok=1
Cmd: compileSnippet
  api=4 type=1 insize=2105 outsize=12251 kw= ok=1
Cmd: compileSnippet
  api=4 type=0 insize=2375 outsize=1225 kw= ok=1
Cmd: compileSnippet
  api=4 type=1 insize=2375 outsize=20148 kw= ok=1
Cmd: compileSnippet
  api=4 type=0 insize=2893 outsize=1225 kw= ok=1
Cmd: compileSnippet
  api=4 type=1 insize=2893 outsize=35943 kw= ok=1
Cmd: compileSnippet
  error: 1 plat 4 at (233): 's': loop control variable conflicts with a previous declaration in the outer scope; most recent declaration will be used\nCompiling Vertex program
  api=4 type=0 insize=3197 outsize=1087 kw= ok=1
Cmd: compileSnippet
  error: 1 plat 4 at (233): 's': loop control variable conflicts with a previous declaration in the outer scope; most recent declaration will be used\nCompiling Fragment program
  api=4 type=1 insize=3197 outsize=4028 kw= ok=1
Cmd: compileSnippet
  api=4 type=0 insize=2100 outsize=1119 kw= ok=1
Cmd: compileSnippet
  api=4 type=1 insize=2100 outsize=1111 kw= ok=1
Cmd: preprocess
  insize=1242 outsize=333 ok=1
Cmd: compileSnippet
  api=4 type=0 insize=1214 outsize=1753 kw= ok=1
Cmd: compileSnippet
  api=4 type=1 insize=1214 outsize=1412 kw= ok=1
Cmd: preprocess
  insize=2776 outsize=811 ok=1
Cmd: compileSnippet
  api=4 type=0 insize=2056 outsize=1355 kw= ok=1
Cmd: compileSnippet
  api=4 type=1 insize=2056 outsize=1217 kw= ok=1
Cmd: compileSnippet
  api=4 type=0 insize=2053 outsize=1355 kw= ok=1
Cmd: compileSnippet
  api=4 type=1 insize=2053 outsize=949 kw= ok=1
Cmd: compileSnippet
  api=4 type=0 insize=2066 outsize=1656 kw= ok=1
Cmd: compileSnippet
  api=4 type=1 insize=2066 outsize=1323 kw= ok=1
Cmd: compileSnippet
  api=4 type=0 insize=2065 outsize=1355 kw= ok=1
Cmd: compileSnippet
  api=4 type=1 insize=2065 outsize=868 kw= ok=1
Cmd: preprocess
  insize=1034 outsize=323 ok=1
Cmd: compileSnippet
  api=4 type=0 insize=1016 outsize=1006 kw= ok=1
Cmd: compileSnippet
  api=4 type=1 insize=1016 outsize=1006 kw= ok=1
Cmd: preprocess
  insize=1450 outsize=406 ok=1
Cmd: compileSnippet
  api=4 type=0 insize=1346 outsize=1469 kw= ok=1
Cmd: compileSnippet
  api=4 type=1 insize=1346 outsize=1453 kw= ok=1
Cmd: preprocess
  insize=1509 outsize=370 ok=1
Cmd: compileSnippet
  api=4 type=0 insize=1445 outsize=1802 kw= ok=1
Cmd: compileSnippet
  api=4 type=1 insize=1445 outsize=1347 kw= ok=1
Cmd: preprocess
  insize=1768 outsize=748 ok=1
Cmd: compileSnippet
  api=4 type=0 insize=1325 outsize=1843 kw= ok=1
Cmd: compileSnippet
  api=4 type=1 insize=1325 outsize=1371 kw= ok=1
Cmd: preprocess
  insize=1472 outsize=363 ok=1
Cmd: compileSnippet
  api=4 type=0 insize=1411 outsize=1363 kw= ok=1
Cmd: compileSnippet
  api=4 type=1 insize=1411 outsize=1518 kw= ok=1
Cmd: preprocess
  insize=1345 outsize=347 ok=1
Cmd: compileSnippet
  api=4 type=0 insize=1303 outsize=1314 kw= ok=1
Cmd: compileSnippet
  api=4 type=1 insize=1303 outsize=1444 kw= ok=1
Cmd: preprocess
  insize=2408 outsize=673 ok=1
Cmd: compileSnippet
  api=4 type=0 insize=2041 outsize=1444 kw= ok=1
Cmd: compileSnippet
  api=4 type=1 insize=2041 outsize=3224 kw= ok=1
Cmd: preprocess
  insize=1026 outsize=288 ok=1
Cmd: compileSnippet
  api=4 type=0 insize=1037 outsize=1071 kw= ok=1
Cmd: compileSnippet
  api=4 type=1 insize=1037 outsize=1233 kw= ok=1
Cmd: preprocess
  insize=833 outsize=338 ok=1
Cmd: compileSnippet
  api=4 type=0 insize=797 outsize=1006 kw= ok=1
Cmd: compileSnippet
  api=4 type=1 insize=797 outsize=1119 kw= ok=1
Cmd: preprocess
  insize=6770 outsize=1059 ok=1
Cmd: compileSnippet
  api=4 type=0 insize=5658 outsize=1314 kw= ok=1
Cmd: compileSnippet
  api=4 type=1 insize=5658 outsize=892 kw= ok=1
Cmd: compileSnippet
  api=4 type=0 insize=5666 outsize=1599 kw= ok=1
Cmd: compileSnippet
  api=4 type=1 insize=5666 outsize=1534 kw= ok=1
Cmd: compileSnippet
  api=4 type=0 insize=5670 outsize=1412 kw= ok=1
Cmd: compileSnippet
  api=4 type=1 insize=5670 outsize=1534 kw= ok=1
Cmd: compileSnippet
  api=4 type=0 insize=5671 outsize=1412 kw= ok=1
Cmd: compileSnippet
  api=4 type=1 insize=5671 outsize=1534 kw= ok=1
Cmd: compileSnippet
  api=4 type=0 insize=5675 outsize=1769 kw= ok=1
Cmd: compileSnippet
  api=4 type=1 insize=5675 outsize=1802 kw= ok=1
Cmd: compileSnippet
  api=4 type=0 insize=5676 outsize=1769 kw= ok=1
Cmd: compileSnippet
  api=4 type=1 insize=5676 outsize=1802 kw= ok=1
Cmd: preprocess
  insize=33468 outsize=288 ok=1
Cmd: compileSnippet
  api=4 type=0 insize=33482 outsize=1006 kw= ok=1
Cmd: compileSnippet
  api=4 type=1 insize=33482 outsize=10764 kw= ok=1
Cmd: preprocess
  insize=1289 outsize=279 ok=1
Cmd: compileSnippet
  api=4 type=0 insize=1312 outsize=1274 kw= ok=1
Cmd: compileSnippet
  api=4 type=1 insize=1312 outsize=1453 kw= ok=1
Cmd: preprocess
  insize=3759 outsize=744 ok=1
Cmd: compileSnippet
  api=4 type=0 insize=3027 outsize=1859 kw= ok=1
Cmd: compileSnippet
  api=4 type=1 insize=3027 outsize=2314 kw= ok=1
Cmd: compileSnippet
  api=4 type=0 insize=3018 outsize=1859 kw= ok=1
Cmd: compileSnippet
  api=4 type=1 insize=3018 outsize=1721 kw= ok=1
Cmd: compileSnippet
  api=4 type=0 insize=3017 outsize=1859 kw= ok=1
Cmd: compileSnippet
  api=4 type=1 insize=3017 outsize=1769 kw= ok=1
Cmd: compileSnippet
  api=4 type=0 insize=3029 outsize=1859 kw= ok=1
Cmd: compileSnippet
  api=4 type=1 insize=3029 outsize=2249 kw= ok=1
Cmd: preprocess
  insize=1065 outsize=267 ok=1
Cmd: compileSnippet
  api=4 type=0 insize=1099 outsize=1550 kw= ok=1
Cmd: compileSnippet
  api=4 type=1 insize=1099 outsize=1160 kw= ok=1
Cmd: preprocess
  insize=5638 outsize=1878 ok=1
Cmd: compileSnippet
  api=4 type=0 insize=3366 outsize=1355 kw= ok=1
Cmd: compileSnippet
  api=4 type=1 insize=3366 outsize=1176 kw= ok=1
Cmd: compileSnippet
  api=4 type=0 insize=3363 outsize=1355 kw= ok=1
Cmd: compileSnippet
  api=4 type=1 insize=3363 outsize=949 kw= ok=1
Cmd: compileSnippet
  api=4 type=0 insize=3379 outsize=1769 kw= ok=1
Cmd: compileSnippet
  api=4 type=1 insize=3379 outsize=1444 kw= ok=1
Cmd: compileSnippet
  api=4 type=0 insize=3371 outsize=1355 kw= ok=1
Cmd: compileSnippet
  api=4 type=1 insize=3371 outsize=868 kw= ok=1
Cmd: compileSnippet
  api=4 type=0 insize=3371 outsize=1355 kw= ok=1
Cmd: compileSnippet
  api=4 type=1 insize=3371 outsize=1176 kw= ok=1
Cmd: compileSnippet
  api=4 type=0 insize=3368 outsize=1355 kw= ok=1
Cmd: compileSnippet
  api=4 type=1 insize=3368 outsize=949 kw= ok=1
Cmd: compileSnippet
  api=4 type=0 insize=3380 outsize=1769 kw= ok=1
Cmd: compileSnippet
  api=4 type=1 insize=3380 outsize=1371 kw= ok=1
Cmd: compileSnippet
  api=4 type=0 insize=3373 outsize=1355 kw= ok=1
Cmd: compileSnippet
  api=4 type=1 insize=3373 outsize=786 kw= ok=1
Cmd: compileSnippet
  api=4 type=0 insize=3365 outsize=1355 kw= ok=1
Cmd: compileSnippet
  api=4 type=1 insize=3365 outsize=575 kw= ok=1
Cmd: compileSnippet
  api=4 type=0 insize=3369 outsize=1355 kw= ok=1
Cmd: compileSnippet
  api=4 type=1 insize=3369 outsize=778 kw= ok=1
Cmd: compileSnippet
  api=4 type=0 insize=3364 outsize=1355 kw= ok=1
Cmd: compileSnippet
  api=4 type=1 insize=3364 outsize=664 kw= ok=1
Cmd: preprocess
  insize=14395 outsize=2155 ok=1
Cmd: compileSnippet
  api=4 type=0 insize=11608 outsize=1006 kw= ok=1
Cmd: compileSnippet
  api=4 type=1 insize=11608 outsize=2176 kw= ok=1
Cmd: compileSnippet
  api=4 type=0 insize=11599 outsize=1006 kw= ok=1
Cmd: compileSnippet
  api=4 type=1 insize=11599 outsize=859 kw= ok=1
Cmd: compileSnippet
  api=4 type=0 insize=11607 outsize=1006 kw= ok=1
Cmd: compileSnippet
  api=4 type=1 insize=11607 outsize=1932 kw= ok=1
Cmd: compileSnippet
  api=4 type=0 insize=11612 outsize=1006 kw= ok=1
Cmd: compileSnippet
  api=4 type=1 insize=11612 outsize=3719 kw= ok=1
Cmd: compileSnippet
  api=4 type=0 insize=11622 outsize=1006 kw= ok=1
Cmd: compileSnippet
  api=4 type=1 insize=11622 outsize=5897 kw= ok=1
Cmd: compileSnippet
  api=4 type=0 insize=11608 outsize=1006 kw= ok=1
Cmd: compileSnippet
  api=4 type=1 insize=11608 outsize=1631 kw= ok=1
Cmd: compileSnippet
  api=4 type=0 insize=11607 outsize=1006 kw= ok=1
Cmd: compileSnippet
  api=4 type=1 insize=11607 outsize=3029 kw= ok=1
Cmd: compileSnippet
  api=4 type=0 insize=11613 outsize=1006 kw= ok=1
Cmd: compileSnippet
  api=4 type=1 insize=11613 outsize=9293 kw= ok=1
Cmd: preprocess
  insize=1104 outsize=378 ok=1
Cmd: compileSnippet
  api=4 type=0 insize=1031 outsize=1006 kw= ok=1
Cmd: compileSnippet
  api=4 type=1 insize=1031 outsize=1054 kw= ok=1
Cmd: preprocess
  insize=6552 outsize=795 ok=1
Cmd: compileSnippet
  api=4 type=0 insize=5514 outsize=1875 kw= ok=1
Cmd: compileSnippet
  api=4 type=1 insize=5514 outsize=4394 kw= ok=1
Cmd: compileSnippet
  api=4 type=0 insize=5522 outsize=1875 kw= ok=1
Cmd: compileSnippet
  api=4 type=1 insize=5522 outsize=3508 kw= ok=1
Cmd: compileSnippet
  api=4 type=0 insize=5516 outsize=1875 kw= ok=1
Cmd: compileSnippet
  api=4 type=1 insize=5516 outsize=3524 kw= ok=1
Cmd: compileSnippet
  api=4 type=0 insize=5527 outsize=1875 kw= ok=1
Cmd: compileSnippet
  api=4 type=1 insize=5527 outsize=2704 kw= ok=1
Cmd: compileSnippet
  api=4 type=0 insize=5522 outsize=1875 kw= ok=1
Cmd: compileSnippet
  api=4 type=1 insize=5522 outsize=1924 kw= ok=1
Cmd: preprocess
  insize=3116 outsize=824 ok=1
Cmd: compileSnippet
  api=4 type=0 insize=2326 outsize=1444 kw= ok=1
Cmd: compileSnippet
  api=4 type=1 insize=2326 outsize=949 kw= ok=1
Cmd: compileSnippet
  api=4 type=0 insize=2328 outsize=1444 kw= ok=1
Cmd: compileSnippet
  api=4 type=1 insize=2328 outsize=1176 kw= ok=1
Cmd: compileSnippet
  api=4 type=0 insize=2330 outsize=1444 kw= ok=1
Cmd: compileSnippet
  api=4 type=1 insize=2330 outsize=989 kw= ok=1
Cmd: compileSnippet
  api=4 type=0 insize=2329 outsize=1444 kw= ok=1
Cmd: compileSnippet
  api=4 type=1 insize=2329 outsize=1989 kw= ok=1
Cmd: compileSnippet
  api=4 type=0 insize=2332 outsize=1444 kw= ok=1
Cmd: compileSnippet
  api=4 type=1 insize=2332 outsize=973 kw= ok=1
Cmd: preprocess
  insize=11887 outsize=2697 ok=1
Cmd: compileSnippet
  api=4 type=0 insize=8939 outsize=1314 kw= ok=1
Cmd: compileSnippet
  api=4 type=1 insize=8939 outsize=4475 kw= ok=1
Cmd: compileSnippet
  api=4 type=0 insize=8943 outsize=1314 kw= ok=1
Cmd: compileSnippet
  api=4 type=1 insize=8943 outsize=2558 kw= ok=1
Cmd: compileSnippet
  api=4 type=0 insize=8942 outsize=1314 kw= ok=1
Cmd: compileSnippet
  api=4 type=1 insize=8942 outsize=892 kw= ok=1
Cmd: compileSnippet
  api=4 type=0 insize=8946 outsize=1314 kw= ok=1
Cmd: compileSnippet
  api=4 type=1 insize=8946 outsize=1745 kw= ok=1
Cmd: compileSnippet
  api=4 type=0 insize=8945 outsize=1314 kw= ok=1
Cmd: compileSnippet
  api=4 type=1 insize=8945 outsize=1347 kw= ok=1
Cmd: preprocess
  insize=2525 outsize=1217 ok=1
Cmd: compileSnippet
  api=4 type=0 insize=1610 outsize=1583 kw= ok=1
Cmd: compileSnippet
  api=4 type=1 insize=1610 outsize=1509 kw= ok=1
Cmd: preprocess
  insize=1041 outsize=464 ok=1
Cmd: compileSnippet
  api=4 type=0 insize=878 outsize=1006 kw= ok=1
Cmd: compileSnippet
  api=4 type=1 insize=878 outsize=794 kw= ok=1
Cmd: preprocess
  insize=14386 outsize=2764 ok=1
Cmd: compileSnippet
  api=4 type=0 insize=10595 outsize=1006 kw= ok=1
Cmd: compileSnippet
  api=4 type=1 insize=10595 outsize=1193 kw= ok=1
Cmd: compileSnippet
  api=4 type=0 insize=10594 outsize=1006 kw= ok=1
Cmd: compileSnippet
  api=4 type=1 insize=10594 outsize=1631 kw= ok=1
Cmd: compileSnippet
  api=4 type=0 insize=10594 outsize=1006 kw= ok=1
Cmd: compileSnippet
  api=4 type=1 insize=10594 outsize=1704 kw= ok=1
Cmd: compileSnippet
  api=4 type=0 insize=10576 outsize=1006 kw= ok=1
Cmd: compileSnippet
  api=4 type=1 insize=10576 outsize=1225 kw= ok=1
Cmd: compileSnippet
  api=4 type=0 insize=10595 outsize=1006 kw= ok=1
Cmd: compileSnippet
  api=4 type=1 insize=10595 outsize=1355 kw= ok=1
Cmd: compileSnippet
  api=4 type=0 insize=10576 outsize=1006 kw= ok=1
Cmd: compileSnippet
  api=4 type=1 insize=10576 outsize=1623 kw= ok=1
Cmd: compileSnippet
  api=4 type=0 insize=10621 outsize=1363 kw= ok=1
Cmd: compileSnippet
  api=4 type=1 insize=10621 outsize=1867 kw= ok=1
Cmd: compileSnippet
  api=4 type=0 insize=10575 outsize=1006 kw= ok=1
Cmd: compileSnippet
  api=4 type=1 insize=10575 outsize=526 kw= ok=1
Cmd: compileSnippet
  api=4 type=0 insize=10579 outsize=1006 kw= ok=1
Cmd: compileSnippet
  api=4 type=1 insize=10579 outsize=616 kw= ok=1
Cmd: compileSnippet
  api=4 type=0 insize=10601 outsize=2176 kw= ok=1
Cmd: compileSnippet
  api=4 type=1 insize=10601 outsize=3281 kw= ok=1
Cmd: compileSnippet
  api=4 type=0 insize=10595 outsize=2176 kw= ok=1
Cmd: compileSnippet
  api=4 type=1 insize=10595 outsize=3443 kw= ok=1
Cmd: compileSnippet
  api=4 type=0 insize=10601 outsize=2176 kw= ok=1
Cmd: compileSnippet
  api=4 type=1 insize=10601 outsize=3281 kw= ok=1
Cmd: preprocess
  insize=2058 outsize=515 ok=1
Cmd: compileSnippet
  api=4 type=0 insize=1813 outsize=1006 kw= ok=1
Cmd: compileSnippet
  api=4 type=1 insize=1813 outsize=1615 kw= ok=1
Cmd: compileSnippet
  api=4 type=0 insize=1826 outsize=1006 kw= ok=1
Cmd: compileSnippet
  api=4 type=1 insize=1826 outsize=1916 kw= ok=1
Cmd: preprocess
  insize=1771 outsize=320 ok=1
Cmd: compileSnippet
  api=4 type=0 insize=1756 outsize=1753 kw= ok=1
Cmd: compileSnippet
  api=4 type=1 insize=1756 outsize=2371 kw= ok=1
Cmd: preprocess
  insize=28384 outsize=4941 ok=1
Cmd: compileSnippet
  api=4 type=0 insize=19915 outsize=1314 kw= ok=1
Cmd: compileSnippet
  api=4 type=1 insize=19915 outsize=1436 kw= ok=1
Cmd: compileSnippet
  api=4 type=0 insize=19921 outsize=2111 kw= ok=1
Cmd: compileSnippet
  api=4 type=1 insize=19921 outsize=3931 kw= ok=1
Cmd: compileSnippet
  api=4 type=0 insize=19924 outsize=2111 kw= ok=1
Cmd: compileSnippet
  api=4 type=1 insize=19924 outsize=7587 kw= ok=1
Cmd: compileSnippet
  api=4 type=0 insize=19903 outsize=1314 kw= ok=1
Cmd: compileSnippet
  api=4 type=1 insize=19903 outsize=664 kw= ok=1
Cmd: compileSnippet
  api=4 type=0 insize=19919 outsize=1314 kw= ok=1
Cmd: compileSnippet
  api=4 type=1 insize=19919 outsize=1428 kw= ok=1
Cmd: compileSnippet
  api=4 type=0 insize=19906 outsize=1314 kw= ok=1
Cmd: compileSnippet
  api=4 type=1 insize=19906 outsize=2574 kw= ok=1
Cmd: compileSnippet
  api=4 type=0 insize=19917 outsize=1314 kw= ok=1
Cmd: compileSnippet
  api=4 type=1 insize=19917 outsize=2111 kw= ok=1
Cmd: compileSnippet
  api=4 type=0 insize=19913 outsize=1314 kw= ok=1
Cmd: compileSnippet
  api=4 type=1 insize=19913 outsize=843 kw= ok=1
Cmd: compileSnippet
  api=4 type=0 insize=19923 outsize=1314 kw= ok=1
Cmd: compileSnippet
  api=4 type=1 insize=19923 outsize=1501 kw= ok=1
Cmd: compileSnippet
  api=4 type=0 insize=19916 outsize=1314 kw= ok=1
Cmd: compileSnippet
  api=4 type=1 insize=19916 outsize=1233 kw= ok=1
Cmd: compileSnippet
  api=4 type=0 insize=19923 outsize=1314 kw= ok=1
Cmd: compileSnippet
  api=4 type=1 insize=19923 outsize=1818 kw= ok=1
Cmd: compileSnippet
  api=4 type=0 insize=19911 outsize=1314 kw= ok=1
Cmd: compileSnippet
  error: 1 plat 4 at (92): gradient-based operations must be moved out of flow control to prevent divergence. Performance may improve by using a non-gradient operation\nCompiling Fragment program
  error: 1 plat 4 at (168): gradient-based operations must be moved out of flow control to prevent divergence. Performance may improve by using a non-gradient operation\nCompiling Fragment program
  api=4 type=1 insize=19911 outsize=3102 kw= ok=1
Cmd: compileSnippet
  api=4 type=0 insize=19920 outsize=1314 kw= ok=1
Cmd: compileSnippet
  api=4 type=1 insize=19920 outsize=3500 kw= ok=1
Cmd: compileSnippet
  api=4 type=0 insize=19907 outsize=1314 kw= ok=1
Cmd: compileSnippet
  api=4 type=1 insize=19907 outsize=1558 kw= ok=1
Cmd: compileSnippet
  api=4 type=0 insize=19922 outsize=1314 kw= ok=1
Cmd: compileSnippet
  api=4 type=1 insize=19922 outsize=1046 kw= ok=1
Cmd: compileSnippet
  api=4 type=0 insize=19912 outsize=1314 kw= ok=1
Cmd: compileSnippet
  api=4 type=1 insize=19912 outsize=1404 kw= ok=1
Cmd: compileSnippet
  api=4 type=0 insize=19905 outsize=1314 kw= ok=1
Cmd: compileSnippet
  api=4 type=1 insize=19905 outsize=859 kw= ok=1
Cmd: compileSnippet
  api=4 type=0 insize=19912 outsize=1314 kw= ok=1
Cmd: compileSnippet
  error: 1 plat 4 at (97): gradient-based operations must be moved out of flow control to prevent divergence. Performance may improve by using a non-gradient operation\nCompiling Fragment program
  error: 1 plat 4 at (200): gradient-based operations must be moved out of flow control to prevent divergence. Performance may improve by using a non-gradient operation\nCompiling Fragment program
  api=4 type=1 insize=19912 outsize=3858 kw= ok=1
Cmd: compileSnippet
  api=4 type=0 insize=19920 outsize=1314 kw= ok=1
Cmd: compileSnippet
  api=4 type=1 insize=19920 outsize=3760 kw= ok=1
Cmd: compileSnippet
  api=4 type=0 insize=19930 outsize=2111 kw= ok=1
Cmd: compileSnippet
  api=4 type=1 insize=19930 outsize=4670 kw= ok=1
Cmd: compileSnippet
  api=4 type=0 insize=19908 outsize=1314 kw= ok=1
Cmd: compileSnippet
  api=4 type=1 insize=19908 outsize=778 kw= ok=1
Cmd: compileSnippet
  api=4 type=0 insize=19910 outsize=1314 kw= ok=1
Cmd: compileSnippet
  api=4 type=1 insize=19910 outsize=2574 kw= ok=1
Cmd: compileSnippet
  api=4 type=0 insize=19928 outsize=1314 kw= ok=1
Cmd: compileSnippet
  api=4 type=1 insize=19928 outsize=664 kw= ok=1
Cmd: preprocess
  insize=4278 outsize=584 ok=1
Cmd: compileSnippet
  api=4 type=0 insize=3882 outsize=1753 kw= ok=1
Cmd: compileSnippet
  api=4 type=1 insize=3882 outsize=3305 kw= ok=1
Cmd: compileSnippet
  api=4 type=0 insize=3894 outsize=1753 kw= ok=1
Cmd: compileSnippet
  api=4 type=1 insize=3894 outsize=1794 kw= ok=1
Cmd: compileSnippet
  api=4 type=0 insize=3885 outsize=1753 kw= ok=1
Cmd: compileSnippet
  api=4 type=1 insize=3885 outsize=2395 kw= ok=1
Cmd: preprocess
  insize=2386 outsize=1258 ok=1
Cmd: compileSnippet
  api=4 type=0 insize=1369 outsize=1924 kw= ok=1
Cmd: compileSnippet
  api=4 type=1 insize=1369 outsize=1599 kw= ok=1
Cmd: preprocess
  insize=1830 outsize=317 ok=1
Cmd: compileSnippet
  api=4 type=0 insize=1815 outsize=1729 kw= ok=1
Cmd: compileSnippet
  api=4 type=1 insize=1815 outsize=4629 kw= ok=1
Cmd: preprocess
  insize=1095 outsize=373 ok=1
Cmd: compileSnippet
  api=4 type=0 insize=1024 outsize=1006 kw= ok=1
Cmd: compileSnippet
  api=4 type=1 insize=1024 outsize=1298 kw= ok=1
Cmd: preprocess
  insize=1210 outsize=487 ok=1
Cmd: compileSnippet
  api=4 type=0 insize=994 outsize=1006 kw= ok=1
Cmd: compileSnippet
  api=4 type=1 insize=994 outsize=965 kw= ok=1
Cmd: compileSnippet
  api=4 type=0 insize=1000 outsize=1006 kw= ok=1
Cmd: compileSnippet
  api=4 type=1 insize=1000 outsize=1022 kw= ok=1
Cmd: preprocess
  insize=781 outsize=284 ok=1
Cmd: compileSnippet
  api=4 type=0 insize=797 outsize=1006 kw= ok=1
Cmd: compileSnippet
  api=4 type=1 insize=797 outsize=835 kw= ok=1
Cmd: preprocess
  insize=6110 outsize=913 ok=1
Cmd: compileSnippet
  api=4 type=0 insize=5136 outsize=1574 kw= ok=1
Cmd: compileSnippet
  api=4 type=1 insize=5136 outsize=2151 kw= ok=1
Cmd: compileSnippet
  api=4 type=0 insize=5138 outsize=1574 kw= ok=1
Cmd: compileSnippet
  api=4 type=1 insize=5138 outsize=1656 kw= ok=1
Cmd: compileSnippet
  api=4 type=0 insize=5142 outsize=1574 kw= ok=1
Cmd: compileSnippet
  api=4 type=1 insize=5142 outsize=1818 kw= ok=1
Cmd: compileSnippet
  api=4 type=0 insize=5151 outsize=1006 kw= ok=1
Cmd: compileSnippet
  api=4 type=1 insize=5151 outsize=1054 kw= ok=1
Cmd: compileSnippet
  api=4 type=0 insize=5132 outsize=1574 kw= ok=1
Cmd: compileSnippet
  api=4 type=1 insize=5132 outsize=2151 kw= ok=1
Cmd: preprocess
  insize=5875 outsize=800 ok=1
Cmd: compileSnippet
  api=4 type=0 insize=4842 outsize=1006 kw= ok=1
Cmd: compileSnippet
  api=4 type=1 insize=4842 outsize=1201 kw= ok=1
Cmd: compileSnippet
  api=4 type=0 insize=4846 outsize=2151 kw= ok=1
Cmd: compileSnippet
  api=4 type=1 insize=4846 outsize=1851 kw= ok=1
Cmd: compileSnippet
  api=4 type=0 insize=4856 outsize=2159 kw= ok=1
Cmd: compileSnippet
  api=4 type=1 insize=4856 outsize=2753 kw= ok=1
Cmd: compileSnippet
  api=4 type=0 insize=4851 outsize=2159 kw= ok=1
Cmd: compileSnippet
  api=4 type=1 insize=4851 outsize=2419 kw= ok=1
Cmd: compileSnippet
  api=4 type=0 insize=4857 outsize=1753 kw= ok=1
Cmd: compileSnippet
  api=4 type=1 insize=4857 outsize=2371 kw= ok=1
Cmd: preprocess
  insize=626 outsize=382 ok=1
Cmd: compileSnippet
  api=4 type=0 insize=546 outsize=1006 kw= ok=1
Cmd: compileSnippet
  api=4 type=1 insize=546 outsize=1274 kw= ok=1
Cmd: preprocess
  insize=7618 outsize=972 ok=1
Cmd: compileSnippet
  api=4 type=0 insize=5930 outsize=1314 kw= ok=1
Cmd: compileSnippet
  api=4 type=1 insize=5930 outsize=811 kw= ok=1
Cmd: compileSnippet
  api=4 type=0 insize=5929 outsize=1314 kw= ok=1
Cmd: compileSnippet
  api=4 type=1 insize=5929 outsize=908 kw= ok=1
Cmd: compileSnippet
  api=4 type=0 insize=5923 outsize=1314 kw= ok=1
Cmd: compileSnippet
  api=4 type=1 insize=5923 outsize=2639 kw= ok=1
Cmd: compileSnippet
  api=4 type=0 insize=5922 outsize=1314 kw= ok=1
Cmd: compileSnippet
  api=4 type=1 insize=5922 outsize=2793 kw= ok=1
Cmd: compileSnippet
  api=4 type=0 insize=5925 outsize=1314 kw= ok=1
Cmd: compileSnippet
  api=4 type=1 insize=5925 outsize=2907 kw= ok=1
Cmd: compileSnippet
  api=4 type=0 insize=5924 outsize=1314 kw= ok=1
Cmd: compileSnippet
  api=4 type=1 insize=5924 outsize=2964 kw= ok=1
Cmd: compileSnippet
  api=4 type=0 insize=5926 outsize=1314 kw= ok=1
Cmd: compileSnippet
  api=4 type=1 insize=5926 outsize=1014 kw= ok=1
Cmd: preprocess
  insize=33477 outsize=288 ok=1
Cmd: compileSnippet
  api=4 type=0 insize=33491 outsize=1006 kw= ok=1
Cmd: compileSnippet
  api=4 type=1 insize=33491 outsize=10699 kw= ok=1
Cmd: preprocess
  insize=5475 outsize=1789 ok=1
Cmd: compileSnippet
  api=4 type=0 insize=3990 outsize=1769 kw= ok=1
Cmd: compileSnippet
  api=4 type=1 insize=3990 outsize=6961 kw= ok=1
Cmd: preprocess
  insize=6994 outsize=270 ok=1
Cmd: compileSnippet
  api=4 type=0 insize=7025 outsize=1396 kw= ok=1
Cmd: compileSnippet
  api=4 type=1 insize=7025 outsize=4434 kw= ok=1
Cmd: preprocess
  insize=4695 outsize=586 ok=1
Cmd: compileSnippet
  api=4 type=0 insize=4309 outsize=2216 kw= ok=1
Cmd: compileSnippet
  api=4 type=1 insize=4309 outsize=7043 kw= ok=1
Cmd: compileSnippet
  api=4 type=0 insize=4313 outsize=2216 kw= ok=1
Cmd: compileSnippet
  api=4 type=1 insize=4313 outsize=6108 kw= ok=1
Cmd: preprocess
  insize=5097 outsize=1066 ok=1
Cmd: compileSnippet
  api=4 type=0 insize=3993 outsize=1314 kw= ok=1
Cmd: compileSnippet
  api=4 type=1 insize=3993 outsize=1217 kw= ok=1
Cmd: compileSnippet
  api=4 type=0 insize=4000 outsize=1249 kw= ok=1
Cmd: compileSnippet
  api=4 type=1 insize=4000 outsize=1201 kw= ok=1
Cmd: compileSnippet
  api=4 type=0 insize=3998 outsize=1314 kw= ok=1
Cmd: compileSnippet
  api=4 type=1 insize=3998 outsize=1688 kw= ok=1
Cmd: compileSnippet
  api=4 type=0 insize=4000 outsize=1314 kw= ok=1
Cmd: compileSnippet
  api=4 type=1 insize=4000 outsize=1989 kw= ok=1
Cmd: compileSnippet
  api=4 type=0 insize=3990 outsize=1314 kw= ok=1
Cmd: compileSnippet
  api=4 type=1 insize=3990 outsize=989 kw= ok=1
Cmd: preprocess
  insize=6023 outsize=1333 ok=1
Cmd: compileSnippet
  api=4 type=0 insize=4412 outsize=1444 kw= ok=1
Cmd: compileSnippet
  api=4 type=1 insize=4412 outsize=3208 kw= ok=1
Cmd: compileSnippet
  error: 1 plat 4 at (72): Output value 'vertApply' is not completely initialized\nCompiling Vertex program
  api=4 type=0 insize=3455 outsize=1201 kw= ok=1
Cmd: compileSnippet
  api=4 type=1 insize=3455 outsize=1672 kw= ok=1
Cmd: compileSnippet
  api=4 type=4 insize=3455 outsize=3606 kw= ok=1
Cmd: compileSnippet
  error: 1 plat 4 at (72): Output value 'vertApply' is not completely initialized\nCompiling Vertex program
  api=4 type=0 insize=3455 outsize=1201 kw= ok=1
Cmd: compileSnippet
  api=4 type=1 insize=3455 outsize=1672 kw= ok=1
Cmd: compileSnippet
  api=4 type=4 insize=3455 outsize=3606 kw= ok=1
Cmd: preprocess
  insize=840 outsize=323 ok=1
Cmd: compileSnippet
  api=4 type=0 insize=819 outsize=1006 kw= ok=1
Cmd: compileSnippet
  api=4 type=1 insize=819 outsize=673 kw= ok=1
Cmd: preprocess
  insize=762 outsize=333 ok=1
Cmd: compileSnippet
  api=4 type=0 insize=729 outsize=1006 kw= ok=1
Cmd: compileSnippet
  api=4 type=1 insize=729 outsize=1404 kw= ok=1
Cmd: preprocess
  insize=4098 outsize=685 ok=1
Cmd: compileSnippet
  api=4 type=0 insize=3440 outsize=1006 kw= ok=1
Cmd: compileSnippet
  api=4 type=1 insize=3440 outsize=1274 kw= ok=1
Cmd: compileSnippet
  api=4 type=0 insize=3447 outsize=2151 kw= ok=1
Cmd: compileSnippet
  api=4 type=1 insize=3447 outsize=1851 kw= ok=1
Cmd: compileSnippet
  api=4 type=0 insize=3456 outsize=2135 kw= ok=1
Cmd: compileSnippet
  api=4 type=1 insize=3456 outsize=2208 kw= ok=1
Cmd: compileSnippet
  api=4 type=0 insize=3451 outsize=2135 kw= ok=1
Cmd: compileSnippet
  api=4 type=1 insize=3451 outsize=2419 kw= ok=1
Cmd: preprocess
  insize=933 outsize=319 ok=1
Cmd: compileSnippet
  api=4 type=0 insize=919 outsize=1006 kw= ok=1
Cmd: compileSnippet
  api=4 type=1 insize=919 outsize=1103 kw= ok=1
Cmd: preprocess
  insize=1812 outsize=1056 ok=1
Cmd: compileSnippet
  api=4 type=0 insize=1058 outsize=1290 kw= ok=1
Cmd: compileSnippet
  api=4 type=1 insize=1058 outsize=924 kw= ok=1
Cmd: preprocess
  insize=1413 outsize=315 ok=1
Cmd: compileSnippet
  api=4 type=0 insize=1402 outsize=1574 kw= ok=1
Cmd: compileSnippet
  api=4 type=1 insize=1402 outsize=1956 kw= ok=1
Cmd: preprocess
  insize=2280 outsize=1038 ok=1
Cmd: compileSnippet
  api=4 type=0 insize=946 outsize=1087 kw= ok=1
Cmd: compileSnippet
  api=4 type=1 insize=946 outsize=754 kw= ok=1
Cmd: compileSnippet
  api=4 type=0 insize=900 outsize=1087 kw= ok=1
Cmd: compileSnippet
  api=4 type=1 insize=900 outsize=616 kw= ok=1
Cmd: preprocess
  insize=5551 outsize=816 ok=1
Cmd: compileSnippet
  api=4 type=0 insize=4883 outsize=1014 kw= ok=1
Cmd: compileSnippet
  api=4 type=1 insize=4883 outsize=1964 kw= ok=1
Cmd: compileSnippet
  api=4 type=0 insize=4888 outsize=1014 kw= ok=1
Cmd: compileSnippet
  api=4 type=1 insize=4888 outsize=1696 kw= ok=1
Cmd: compileSnippet
  api=4 type=0 insize=4898 outsize=1014 kw= ok=1
Cmd: compileSnippet
  error: 1 plat 4 at (151): integer modulus may be much slower, try using uints if possible.\nCompiling Fragment program
  api=4 type=1 insize=4898 outsize=6466 kw= ok=1
Cmd: preprocess
  insize=1143 outsize=513 ok=1
Cmd: compileSnippet
  api=4 type=0 insize=932 outsize=1144 kw= ok=1
Cmd: compileSnippet
  api=4 type=1 insize=932 outsize=1038 kw= ok=1
Cmd: preprocess
  insize=1292 outsize=411 ok=1
Cmd: compileSnippet
  api=4 type=0 insize=1186 outsize=1249 kw= ok=1
Cmd: compileSnippet
  api=4 type=1 insize=1186 outsize=1201 kw= ok=1
Cmd: preprocess
  insize=623 outsize=277 ok=1
Cmd: compileSnippet
  api=4 type=0 insize=648 outsize=843 kw= ok=1
Cmd: compileSnippet
  api=4 type=1 insize=648 outsize=453 kw= ok=1
Cmd: preprocess
  insize=780 outsize=337 ok=1
Cmd: compileSnippet
  api=4 type=0 insize=748 outsize=1006 kw= ok=1
Cmd: compileSnippet
  api=4 type=1 insize=748 outsize=729 kw= ok=1
Cmd: preprocess
  insize=5533 outsize=944 ok=1
Cmd: compileSnippet
  api=4 type=0 insize=4603 outsize=1599 kw= ok=1
Cmd: compileSnippet
  api=4 type=1 insize=4603 outsize=1323 kw= ok=1
Cmd: compileSnippet
  api=4 type=0 insize=4607 outsize=1412 kw= ok=1
Cmd: compileSnippet
  api=4 type=1 insize=4607 outsize=1534 kw= ok=1
Cmd: compileSnippet
  api=4 type=0 insize=4608 outsize=1412 kw= ok=1
Cmd: compileSnippet
  api=4 type=1 insize=4608 outsize=1534 kw= ok=1
Cmd: compileSnippet
  api=4 type=0 insize=4612 outsize=1769 kw= ok=1
Cmd: compileSnippet
  api=4 type=1 insize=4612 outsize=1802 kw= ok=1
Cmd: compileSnippet
  api=4 type=0 insize=4613 outsize=1769 kw= ok=1
Cmd: compileSnippet
  api=4 type=1 insize=4613 outsize=1802 kw= ok=1
Cmd: preprocess
  insize=1808 outsize=713 ok=1
Cmd: compileSnippet
  api=4 type=0 insize=1397 outsize=1542 kw= ok=1
Cmd: compileSnippet
  api=4 type=1 insize=1397 outsize=1258 kw= ok=1
Cmd: compileSnippet
  api=4 type=0 insize=794 outsize=4402 kw=SHADOWS_DEPTH ok=1
Cmd: compileSnippet
  api=4 type=1 insize=794 outsize=453 kw=SHADOWS_DEPTH ok=1
Cmd: compileSnippet
  api=4 type=0 insize=619 outsize=4231 kw= ok=1
Cmd: compileSnippet
  api=4 type=1 insize=619 outsize=803 kw= ok=1
Cmd: compileSnippet
  api=4 type=0 insize=1004 outsize=4629 kw=SHADOWS_DEPTH ok=1
Cmd: compileSnippet
  api=4 type=1 insize=1004 outsize=884 kw=SHADOWS_DEPTH ok=1
Cmd: compileSnippet
  api=4 type=0 insize=631 outsize=4264 kw= ok=1
Cmd: compileSnippet
  api=4 type=1 insize=631 outsize=989 kw= ok=1
Cmd: compileSnippet
  api=4 type=0 insize=541 outsize=3533 kw=SHADOWS_DEPTH ok=1
Cmd: compileSnippet
  api=4 type=1 insize=541 outsize=453 kw=SHADOWS_DEPTH ok=1
Cmd: compileSnippet
  api=4 type=0 insize=6810 outsize=3663 kw=DIRECTIONAL SHADOWS_OFF LIGHTMAP_OFF DIRLIGHTMAP_OFF DYNAMICLIGHTMAP_OFF ok=1
Cmd: compileSnippet
  api=4 type=1 insize=6810 outsize=1314 kw=DIRECTIONAL SHADOWS_OFF LIGHTMAP_OFF DIRLIGHTMAP_OFF DYNAMICLIGHTMAP_OFF ok=1
Cmd: compileSnippet
  api=4 type=0 insize=3647 outsize=2753 kw=DIRECTIONAL ok=1
Cmd: compileSnippet
  api=4 type=1 insize=3647 outsize=1168 kw=DIRECTIONAL ok=1
Cmd: compileSnippet
  api=4 type=0 insize=3101 outsize=7368 kw=SHADOWS_DEPTH ok=1
Cmd: compileSnippet
  api=4 type=1 insize=3101 outsize=884 kw=SHADOWS_DEPTH ok=1
Cmd: compileSnippet
  api=4 type=0 insize=6869 outsize=8993 kw=DIRECTIONAL SHADOWS_OFF LIGHTMAP_OFF DIRLIGHTMAP_OFF DYNAMICLIGHTMAP_OFF ok=1
Cmd: compileSnippet
  api=4 type=1 insize=6869 outsize=4207 kw=DIRECTIONAL SHADOWS_OFF LIGHTMAP_OFF DIRLIGHTMAP_OFF DYNAMICLIGHTMAP_OFF ok=1
Cmd: compileSnippet
  api=4 type=0 insize=1705 outsize=1290 kw=SOFTPARTICLES_OFF ok=1
Cmd: compileSnippet
  api=4 type=1 insize=1705 outsize=924 kw=SOFTPARTICLES_OFF ok=1
Cmd: compileSnippet
  api=4 type=0 insize=1106 outsize=1290 kw= ok=1
Cmd: compileSnippet
  api=4 type=1 insize=1106 outsize=1006 kw= ok=1
Cmd: compileSnippet
  api=4 type=0 insize=1109 outsize=1290 kw= ok=1
Cmd: compileSnippet
  api=4 type=1 insize=1109 outsize=1014 kw= ok=1
Cmd: compileSnippet
  api=4 type=0 insize=7523 outsize=4719 kw=DIRECTIONAL SHADOWS_OFF LIGHTMAP_OFF DIRLIGHTMAP_OFF DYNAMICLIGHTMAP_OFF ok=1
Cmd: compileSnippet
  api=4 type=1 insize=7523 outsize=3476 kw=DIRECTIONAL SHADOWS_OFF LIGHTMAP_OFF DIRLIGHTMAP_OFF DYNAMICLIGHTMAP_OFF ok=1
Cmd: compileSnippet
  api=4 type=0 insize=4918 outsize=3955 kw=DIRECTIONAL ok=1
Cmd: compileSnippet
  api=4 type=1 insize=4918 outsize=2907 kw=DIRECTIONAL ok=1
Cmd: compileSnippet
  api=4 type=0 insize=1333 outsize=1404 kw= ok=1
Cmd: compileSnippet
  api=4 type=1 insize=1333 outsize=1168 kw= ok=1
Cmd: compileSnippet
  api=4 type=0 insize=1329 outsize=1404 kw= ok=1
Cmd: compileSnippet
  api=4 type=1 insize=1329 outsize=1168 kw= ok=1
Cmd: compileSnippet
  api=4 type=0 insize=1329 outsize=1404 kw= ok=1
Cmd: compileSnippet
  api=4 type=1 insize=1329 outsize=1168 kw= ok=1
Cmd: compileSnippet
  api=4 type=0 insize=1333 outsize=1404 kw= ok=1
Cmd: compileSnippet
  api=4 type=1 insize=1333 outsize=1168 kw= ok=1
Cmd: compileSnippet
  api=4 type=0 insize=1321 outsize=1404 kw= ok=1
Cmd: compileSnippet
  api=4 type=1 insize=1321 outsize=1168 kw= ok=1
Cmd: compileSnippet
  api=4 type=0 insize=1331 outsize=1404 kw= ok=1
Cmd: compileSnippet
  api=4 type=1 insize=1331 outsize=1168 kw= ok=1
Cmd: compileSnippet
  api=4 type=0 insize=3071 outsize=6425 kw=SHADOWS_DEPTH ok=1
Cmd: compileSnippet
  api=4 type=1 insize=3071 outsize=526 kw=SHADOWS_DEPTH ok=1
Cmd: compileSnippet
  api=4 type=0 insize=7509 outsize=7554 kw=DIRECTIONAL SHADOWS_OFF LIGHTMAP_OFF DIRLIGHTMAP_OFF DYNAMICLIGHTMAP_OFF ok=1
Cmd: compileSnippet
  api=4 type=1 insize=7509 outsize=3419 kw=DIRECTIONAL SHADOWS_OFF LIGHTMAP_OFF DIRLIGHTMAP_OFF DYNAMICLIGHTMAP_OFF ok=1
Cmd: compileSnippet
  api=4 type=0 insize=1105 outsize=7368 kw=SHADOWS_DEPTH ok=1
Cmd: compileSnippet
  api=4 type=1 insize=1105 outsize=884 kw=SHADOWS_DEPTH ok=1
Cmd: compileSnippet
  api=4 type=0 insize=6872 outsize=8993 kw=DIRECTIONAL SHADOWS_OFF LIGHTMAP_OFF DIRLIGHTMAP_OFF DYNAMICLIGHTMAP_OFF ok=1
Cmd: compileSnippet
  api=4 type=1 insize=6872 outsize=4134 kw=DIRECTIONAL SHADOWS_OFF LIGHTMAP_OFF DIRLIGHTMAP_OFF DYNAMICLIGHTMAP_OFF ok=1
Cmd: compileSnippet
  api=4 type=0 insize=5077 outsize=6636 kw=DIRECTIONAL ok=1
Cmd: compileSnippet
  api=4 type=1 insize=5077 outsize=3224 kw=DIRECTIONAL ok=1
Cmd: compileSnippet
  api=4 type=0 insize=751 outsize=3533 kw=SHADOWS_DEPTH ok=1
Cmd: compileSnippet
  api=4 type=1 insize=751 outsize=380 kw=SHADOWS_DEPTH ok=1
Cmd: compileSnippet
  api=4 type=0 insize=982 outsize=3979 kw=DIRECTIONAL SHADOWS_OFF LIGHTMAP_OFF DIRLIGHTMAP_OFF DYNAMICLIGHTMAP_OFF ok=1
Cmd: compileSnippet
  api=4 type=1 insize=982 outsize=10561 kw=DIRECTIONAL SHADOWS_OFF LIGHTMAP_OFF DIRLIGHTMAP_OFF DYNAMICLIGHTMAP_OFF ok=1
Cmd: compileSnippet
  api=4 type=0 insize=938 outsize=4036 kw=DIRECTIONAL SHADOWS_OFF ok=1
Cmd: compileSnippet
  api=4 type=1 insize=938 outsize=5515 kw=DIRECTIONAL SHADOWS_OFF ok=1
Cmd: compileSnippet
  api=4 type=0 insize=6731 outsize=3663 kw=DIRECTIONAL LIGHTMAP_OFF DIRLIGHTMAP_OFF DYNAMICLIGHTMAP_OFF ok=1
Cmd: compileSnippet
  api=4 type=1 insize=6731 outsize=1314 kw=DIRECTIONAL LIGHTMAP_OFF DIRLIGHTMAP_OFF DYNAMICLIGHTMAP_OFF ok=1
Cmd: compileSnippet
  api=4 type=0 insize=3569 outsize=2753 kw=DIRECTIONAL ok=1
Cmd: compileSnippet
  api=4 type=1 insize=3569 outsize=1168 kw=DIRECTIONAL ok=1
Cmd: compileSnippet
  api=4 type=0 insize=7075 outsize=3752 kw=DIRECTIONAL SHADOWS_OFF LIGHTMAP_OFF DIRLIGHTMAP_OFF DYNAMICLIGHTMAP_OFF ok=1
Cmd: compileSnippet
  api=4 type=1 insize=7075 outsize=1518 kw=DIRECTIONAL SHADOWS_OFF LIGHTMAP_OFF DIRLIGHTMAP_OFF DYNAMICLIGHTMAP_OFF ok=1
Cmd: compileSnippet
  api=4 type=0 insize=3755 outsize=2753 kw=DIRECTIONAL ok=1
Cmd: compileSnippet
  api=4 type=1 insize=3755 outsize=1168 kw=DIRECTIONAL ok=1
Cmd: compileSnippet
  api=4 type=0 insize=7059 outsize=3752 kw=DIRECTIONAL SHADOWS_OFF LIGHTMAP_OFF DIRLIGHTMAP_OFF DYNAMICLIGHTMAP_OFF ok=1
Cmd: compileSnippet
  api=4 type=1 insize=7059 outsize=1566 kw=DIRECTIONAL SHADOWS_OFF LIGHTMAP_OFF DIRLIGHTMAP_OFF DYNAMICLIGHTMAP_OFF ok=1
Cmd: compileSnippet
  api=4 type=0 insize=3888 outsize=2842 kw=DIRECTIONAL ok=1
Cmd: compileSnippet
  api=4 type=1 insize=3888 outsize=1420 kw=DIRECTIONAL ok=1
Cmd: compileSnippet
  api=4 type=0 insize=1642 outsize=1290 kw=SOFTPARTICLES_OFF ok=1
Cmd: compileSnippet
  api=4 type=1 insize=1642 outsize=924 kw=SOFTPARTICLES_OFF ok=1
Cmd: compileSnippet
  api=4 type=0 insize=1706 outsize=1290 kw=SOFTPARTICLES_OFF ok=1
Cmd: compileSnippet
  api=4 type=1 insize=1706 outsize=868 kw=SOFTPARTICLES_OFF ok=1
Cmd: compileSnippet
  api=4 type=0 insize=7025 outsize=3663 kw=DIRECTIONAL SHADOWS_OFF LIGHTMAP_OFF DIRLIGHTMAP_OFF DYNAMICLIGHTMAP_OFF ok=1
Cmd: compileSnippet
  api=4 type=1 insize=7025 outsize=2298 kw=DIRECTIONAL SHADOWS_OFF LIGHTMAP_OFF DIRLIGHTMAP_OFF DYNAMICLIGHTMAP_OFF ok=1
Cmd: compileSnippet
  api=4 type=0 insize=3820 outsize=2753 kw=DIRECTIONAL ok=1
Cmd: compileSnippet
  api=4 type=1 insize=3820 outsize=2151 kw=DIRECTIONAL ok=1
Cmd: compileSnippet
  api=4 type=0 insize=966 outsize=1290 kw= ok=1
Cmd: compileSnippet
  api=4 type=1 insize=966 outsize=811 kw= ok=1
Cmd: compileSnippet
  api=4 type=0 insize=6946 outsize=3663 kw=DIRECTIONAL LIGHTMAP_OFF DIRLIGHTMAP_OFF DYNAMICLIGHTMAP_OFF ok=1
Cmd: compileSnippet
  api=4 type=1 insize=6946 outsize=2322 kw=DIRECTIONAL LIGHTMAP_OFF DIRLIGHTMAP_OFF DYNAMICLIGHTMAP_OFF ok=1
Cmd: compileSnippet
  api=4 type=0 insize=3742 outsize=2753 kw=DIRECTIONAL ok=1
Cmd: compileSnippet
  api=4 type=1 insize=3742 outsize=2176 kw=DIRECTIONAL ok=1
Cmd: compileSnippet
  api=4 type=0 insize=1811 outsize=1290 kw=SOFTPARTICLES_OFF ok=1
Cmd: compileSnippet
  api=4 type=1 insize=1811 outsize=1111 kw=SOFTPARTICLES_OFF ok=1
Cmd: compileSnippet
  api=4 type=0 insize=7817 outsize=4881 kw=DIRECTIONAL SHADOWS_OFF LIGHTMAP_OFF DIRLIGHTMAP_OFF DYNAMICLIGHTMAP_OFF ok=1
Cmd: compileSnippet
  api=4 type=1 insize=7817 outsize=3752 kw=DIRECTIONAL SHADOWS_OFF LIGHTMAP_OFF DIRLIGHTMAP_OFF DYNAMICLIGHTMAP_OFF ok=1
Cmd: compileSnippet
  api=4 type=0 insize=4993 outsize=3955 kw=DIRECTIONAL ok=1
Cmd: compileSnippet
  api=4 type=1 insize=4993 outsize=2907 kw=DIRECTIONAL ok=1
Cmd: compileSnippet
  api=4 type=0 insize=2996 outsize=6425 kw=SHADOWS_DEPTH ok=1
Cmd: compileSnippet
  api=4 type=1 insize=2996 outsize=526 kw=SHADOWS_DEPTH ok=1
Cmd: compileSnippet
  api=4 type=0 insize=7434 outsize=7554 kw=DIRECTIONAL SHADOWS_OFF LIGHTMAP_OFF DIRLIGHTMAP_OFF DYNAMICLIGHTMAP_OFF ok=1
Cmd: compileSnippet
  api=4 type=1 insize=7434 outsize=3362 kw=DIRECTIONAL SHADOWS_OFF LIGHTMAP_OFF DIRLIGHTMAP_OFF DYNAMICLIGHTMAP_OFF ok=1
Cmd: compileSnippet
  api=4 type=0 insize=5002 outsize=6636 kw=DIRECTIONAL ok=1
Cmd: compileSnippet
  api=4 type=1 insize=5002 outsize=3167 kw=DIRECTIONAL ok=1
Cmd: compileSnippet
  api=4 type=0 insize=3445 outsize=7034 kw=SHADOWS_DEPTH ok=1
Cmd: compileSnippet
  api=4 type=1 insize=3445 outsize=1030 kw=SHADOWS_DEPTH ok=1
Cmd: compileSnippet
  api=4 type=0 insize=3054 outsize=6661 kw=SHADOWS_DEPTH ok=1
Cmd: compileSnippet
  api=4 type=1 insize=3054 outsize=1030 kw=SHADOWS_DEPTH ok=1
Cmd: compileSnippet
  api=4 type=0 insize=2606 outsize=3679 kw= ok=1
Cmd: compileSnippet
  api=4 type=1 insize=2606 outsize=2801 kw= ok=1
Cmd: compileSnippet
  api=4 type=0 insize=3137 outsize=5897 kw= ok=1
Cmd: compileSnippet
  api=4 type=1 insize=3137 outsize=2866 kw= ok=1
Cmd: compileSnippet
  api=4 type=0 insize=607 outsize=3646 kw= ok=1
Cmd: compileSnippet
  api=4 type=1 insize=607 outsize=803 kw= ok=1
Cmd: compileSnippet
  api=4 type=0 insize=613 outsize=4044 kw= ok=1
Cmd: compileSnippet
  api=4 type=1 insize=613 outsize=989 kw= ok=1
Cmd: compileSnippet
  api=4 type=0 insize=1106 outsize=1526 kw=FOG_LINEAR ok=1
Cmd: compileSnippet
  api=4 type=1 insize=1106 outsize=1331 kw=FOG_LINEAR ok=1
Cmd: compileSnippet
  api=4 type=0 insize=1109 outsize=1526 kw=FOG_LINEAR ok=1
Cmd: compileSnippet
  api=4 type=1 insize=1109 outsize=1339 kw=FOG_LINEAR ok=1
Cmd: compileSnippet
  api=4 type=0 insize=4234 outsize=6490 kw= ok=1
Cmd: compileSnippet
  api=4 type=1 insize=4234 outsize=1526 kw= ok=1
Cmd: compileSnippet
  api=4 type=0 insize=2805 outsize=2533 kw= ok=1
Cmd: compileSnippet
  api=4 type=1 insize=2805 outsize=697 kw= ok=1
Cmd: compileSnippet
  api=4 type=0 insize=2914 outsize=2533 kw= ok=1
Cmd: compileSnippet
  api=4 type=1 insize=2914 outsize=697 kw= ok=1
Cmd: compileSnippet
  api=4 type=0 insize=2892 outsize=2533 kw= ok=1
Cmd: compileSnippet
  api=4 type=1 insize=2892 outsize=738 kw= ok=1
Cmd: compileSnippet
  api=4 type=0 insize=4112 outsize=3914 kw= ok=1
Cmd: compileSnippet
  api=4 type=1 insize=4112 outsize=1566 kw= ok=1
Cmd: compileSnippet
  api=4 type=0 insize=4037 outsize=3914 kw= ok=1
Cmd: compileSnippet
  api=4 type=1 insize=4037 outsize=1566 kw= ok=1
Cmd: compileSnippet
  api=4 type=0 insize=2913 outsize=2533 kw= ok=1
Cmd: compileSnippet
  api=4 type=1 insize=2913 outsize=697 kw= ok=1
Cmd: compileSnippet
  api=4 type=0 insize=3640 outsize=5588 kw= ok=1
Cmd: compileSnippet
  api=4 type=1 insize=3640 outsize=1201 kw= ok=1
Cmd: compileSnippet
  api=4 type=0 insize=1275 outsize=1956 kw=SPOT SHADOWS_OFF ok=1
Cmd: compileSnippet
  api=4 type=1 insize=1275 outsize=5206 kw=SPOT SHADOWS_OFF ok=1
Cmd: compileSnippet
  api=4 type=0 insize=1275 outsize=1956 kw=SPOT SHADOWS_DEPTH SHADOWS_SOFT SHADOWS_NATIVE ok=1
Cmd: compileSnippet
  api=4 type=1 insize=1275 outsize=6669 kw=SPOT SHADOWS_DEPTH SHADOWS_SOFT SHADOWS_NATIVE ok=1
Cmd: compileSnippet
  api=4 type=0 insize=1275 outsize=1956 kw=SPOT SHADOWS_DEPTH SHADOWS_NATIVE ok=1
Cmd: compileSnippet
  api=4 type=1 insize=1275 outsize=6059 kw=SPOT SHADOWS_DEPTH SHADOWS_NATIVE ok=1
Cmd: compileSnippet
  api=4 type=0 insize=1275 outsize=1956 kw=POINT SHADOWS_OFF ok=1
Cmd: compileSnippet
  api=4 type=1 insize=1275 outsize=4516 kw=POINT SHADOWS_OFF ok=1
Cmd: compileSnippet
  api=4 type=0 insize=1105 outsize=5068 kw=SHADOWS_CUBE ok=1
Cmd: compileSnippet
  api=4 type=1 insize=1105 outsize=1087 kw=SHADOWS_CUBE ok=1
Cmd: compileSnippet
  api=4 type=0 insize=3071 outsize=4126 kw=SHADOWS_CUBE ok=1
Cmd: compileSnippet
  api=4 type=1 insize=3071 outsize=746 kw=SHADOWS_CUBE ok=1
Cmd: compileSnippet
  api=4 type=0 insize=541 outsize=1420 kw=SHADOWS_CUBE ok=1
Cmd: compileSnippet
  api=4 type=1 insize=541 outsize=697 kw=SHADOWS_CUBE ok=1
Cmd: compileSnippet
  api=4 type=0 insize=1275 outsize=1956 kw=POINT SHADOWS_CUBE SHADOWS_SOFT ok=1
Cmd: compileSnippet
  api=4 type=1 insize=1275 outsize=5808 kw=POINT SHADOWS_CUBE SHADOWS_SOFT ok=1
Cmd: compileSnippet
  api=4 type=0 insize=6410 outsize=6913 kw=LIGHTMAP_OFF DIRLIGHTMAP_OFF DYNAMICLIGHTMAP_OFF FOG_LINEAR HDR_LIGHT_PREPASS_OFF ok=1
Cmd: compileSnippet
  api=4 type=1 insize=6410 outsize=2192 kw=LIGHTMAP_OFF DIRLIGHTMAP_OFF DYNAMICLIGHTMAP_OFF FOG_LINEAR HDR_LIGHT_PREPASS_OFF ok=1
Cmd: compileSnippet
  api=4 type=0 insize=5995 outsize=4272 kw=LIGHTMAP_OFF DIRLIGHTMAP_OFF DYNAMICLIGHTMAP_OFF FOG_LINEAR HDR_LIGHT_PREPASS_OFF ok=1
Cmd: compileSnippet
  api=4 type=1 insize=5995 outsize=1623 kw=LIGHTMAP_OFF DIRLIGHTMAP_OFF DYNAMICLIGHTMAP_OFF FOG_LINEAR HDR_LIGHT_PREPASS_OFF ok=1
Cmd: compileSnippet
  api=4 type=0 insize=6236 outsize=4361 kw=LIGHTMAP_OFF DIRLIGHTMAP_OFF DYNAMICLIGHTMAP_OFF FOG_LINEAR HDR_LIGHT_PREPASS_OFF ok=1
Cmd: compileSnippet
  api=4 type=1 insize=6236 outsize=1875 kw=LIGHTMAP_OFF DIRLIGHTMAP_OFF DYNAMICLIGHTMAP_OFF FOG_LINEAR HDR_LIGHT_PREPASS_OFF ok=1
Cmd: compileSnippet
  api=4 type=0 insize=6085 outsize=4272 kw=LIGHTMAP_OFF DIRLIGHTMAP_OFF DYNAMICLIGHTMAP_OFF FOG_LINEAR HDR_LIGHT_PREPASS_OFF ok=1
Cmd: compileSnippet
  api=4 type=1 insize=6085 outsize=1867 kw=LIGHTMAP_OFF DIRLIGHTMAP_OFF DYNAMICLIGHTMAP_OFF FOG_LINEAR HDR_LIGHT_PREPASS_OFF ok=1
Cmd: compileSnippet
  api=4 type=0 insize=6633 outsize=4280 kw=LIGHTMAP_OFF DIRLIGHTMAP_OFF DYNAMICLIGHTMAP_OFF FOG_LINEAR HDR_LIGHT_PREPASS_OFF ok=1
Cmd: compileSnippet
  api=4 type=1 insize=6633 outsize=2119 kw=LIGHTMAP_OFF DIRLIGHTMAP_OFF DYNAMICLIGHTMAP_OFF FOG_LINEAR HDR_LIGHT_PREPASS_OFF ok=1
Cmd: compileSnippet
  api=4 type=0 insize=6408 outsize=4248 kw=LIGHTMAP_OFF DIRLIGHTMAP_OFF DYNAMICLIGHTMAP_OFF FOG_LINEAR HDR_LIGHT_PREPASS_OFF ok=1
Cmd: compileSnippet
  api=4 type=1 insize=6408 outsize=1916 kw=LIGHTMAP_OFF DIRLIGHTMAP_OFF DYNAMICLIGHTMAP_OFF FOG_LINEAR HDR_LIGHT_PREPASS_OFF ok=1
Cmd: compileSnippet
  api=4 type=0 insize=6253 outsize=4361 kw=LIGHTMAP_OFF DIRLIGHTMAP_OFF DYNAMICLIGHTMAP_OFF FOG_LINEAR HDR_LIGHT_PREPASS_OFF ok=1
Cmd: compileSnippet
  api=4 type=1 insize=6253 outsize=1867 kw=LIGHTMAP_OFF DIRLIGHTMAP_OFF DYNAMICLIGHTMAP_OFF FOG_LINEAR HDR_LIGHT_PREPASS_OFF ok=1
Cmd: compileSnippet
  api=4 type=0 insize=6663 outsize=7108 kw=LIGHTMAP_OFF DIRLIGHTMAP_OFF DYNAMICLIGHTMAP_OFF FOG_LINEAR HDR_LIGHT_PREPASS_OFF ok=1
Cmd: compileSnippet
  api=4 type=1 insize=6663 outsize=1867 kw=LIGHTMAP_OFF DIRLIGHTMAP_OFF DYNAMICLIGHTMAP_OFF FOG_LINEAR HDR_LIGHT_PREPASS_OFF ok=1
Cmd: compileSnippet
  api=4 type=0 insize=63517 outsize=6904 kw=DIRECTIONAL SHADOWS_OFF LIGHTMAP_OFF DIRLIGHTMAP_OFF DYNAMICLIGHTMAP_OFF FOG_LINEAR VERTEXLIGHT_ON _TERRAIN_NORMAL_MAP ok=1
Cmd: compileSnippet
  api=4 type=1 insize=63517 outsize=4426 kw=DIRECTIONAL SHADOWS_OFF LIGHTMAP_OFF DIRLIGHTMAP_OFF DYNAMICLIGHTMAP_OFF FOG_LINEAR _TERRAIN_NORMAL_MAP ok=1
Cmd: compileSnippet
  api=4 type=0 insize=63517 outsize=5491 kw=DIRECTIONAL SHADOWS_OFF LIGHTMAP_OFF DIRLIGHTMAP_OFF DYNAMICLIGHTMAP_OFF FOG_LINEAR _TERRAIN_NORMAL_MAP ok=1
Cmd: compileSnippet
  api=4 type=0 insize=39955 outsize=4727 kw=SPOT FOG_LINEAR _TERRAIN_NORMAL_MAP ok=1
Cmd: compileSnippet
  api=4 type=1 insize=39955 outsize=5206 kw=SPOT FOG_LINEAR _TERRAIN_NORMAL_MAP ok=1
Cmd: compileSnippet
  api=4 type=0 insize=39955 outsize=4727 kw=POINT FOG_LINEAR _TERRAIN_NORMAL_MAP ok=1
Cmd: compileSnippet
  api=4 type=1 insize=39955 outsize=4711 kw=POINT FOG_LINEAR _TERRAIN_NORMAL_MAP ok=1
Cmd: compileSnippet
  api=4 type=0 insize=6872 outsize=9228 kw=DIRECTIONAL SHADOWS_OFF LIGHTMAP_OFF DIRLIGHTMAP_OFF DYNAMICLIGHTMAP_OFF FOG_LINEAR ok=1
Cmd: compileSnippet
  api=4 type=1 insize=6872 outsize=4475 kw=DIRECTIONAL SHADOWS_OFF LIGHTMAP_OFF DIRLIGHTMAP_OFF DYNAMICLIGHTMAP_OFF FOG_LINEAR ok=1
Cmd: compileSnippet
  api=4 type=0 insize=6872 outsize=10642 kw=DIRECTIONAL SHADOWS_OFF LIGHTMAP_OFF DIRLIGHTMAP_OFF DYNAMICLIGHTMAP_OFF FOG_LINEAR VERTEXLIGHT_ON ok=1
Cmd: compileSnippet
  api=4 type=0 insize=1041 outsize=2501 kw=FOG_LINEAR ok=1
Cmd: compileSnippet
  api=4 type=1 insize=1041 outsize=1152 kw=FOG_LINEAR ok=1
Cmd: compileSnippet
  api=4 type=0 insize=6946 outsize=5353 kw=DIRECTIONAL LIGHTMAP_OFF DIRLIGHTMAP_OFF DYNAMICLIGHTMAP_OFF FOG_LINEAR VERTEXLIGHT_ON ok=1
Cmd: compileSnippet
  api=4 type=1 insize=6946 outsize=2623 kw=DIRECTIONAL LIGHTMAP_OFF DIRLIGHTMAP_OFF DYNAMICLIGHTMAP_OFF FOG_LINEAR ok=1
Cmd: compileSnippet
  api=4 type=0 insize=3742 outsize=2988 kw=POINT FOG_LINEAR ok=1
Cmd: compileSnippet
  api=4 type=1 insize=3742 outsize=3053 kw=POINT FOG_LINEAR ok=1
Cmd: compileSnippet
  api=4 type=0 insize=6731 outsize=5353 kw=DIRECTIONAL LIGHTMAP_OFF DIRLIGHTMAP_OFF DYNAMICLIGHTMAP_OFF FOG_LINEAR VERTEXLIGHT_ON ok=1
Cmd: compileSnippet
  api=4 type=1 insize=6731 outsize=1615 kw=DIRECTIONAL LIGHTMAP_OFF DIRLIGHTMAP_OFF DYNAMICLIGHTMAP_OFF FOG_LINEAR ok=1
Cmd: compileSnippet
  api=4 type=0 insize=3569 outsize=2988 kw=POINT FOG_LINEAR ok=1
Cmd: compileSnippet
  api=4 type=1 insize=3569 outsize=2119 kw=POINT FOG_LINEAR ok=1
Cmd: compileSnippet
  api=4 type=0 insize=3569 outsize=2988 kw=SPOT FOG_LINEAR ok=1
Cmd: compileSnippet
  api=4 type=1 insize=3569 outsize=2614 kw=SPOT FOG_LINEAR ok=1
Cmd: compileSnippet
  api=4 type=0 insize=3742 outsize=2988 kw=SPOT FOG_LINEAR ok=1
Cmd: compileSnippet
  api=4 type=1 insize=3742 outsize=3581 kw=SPOT FOG_LINEAR ok=1
Cmd: compileSnippet
  api=4 type=0 insize=6946 outsize=3898 kw=DIRECTIONAL LIGHTMAP_OFF DIRLIGHTMAP_OFF DYNAMICLIGHTMAP_OFF FOG_LINEAR ok=1
Cmd: compileSnippet
  api=4 type=0 insize=6731 outsize=3898 kw=DIRECTIONAL LIGHTMAP_OFF DIRLIGHTMAP_OFF DYNAMICLIGHTMAP_OFF FOG_LINEAR ok=1
Cmd: compileSnippet
  api=4 type=0 insize=7523 outsize=4873 kw=DIRECTIONAL SHADOWS_OFF LIGHTMAP_OFF DIRLIGHTMAP_OFF DYNAMICLIGHTMAP_OFF FOG_LINEAR ok=1
Cmd: compileSnippet
  api=4 type=1 insize=7523 outsize=3825 kw=DIRECTIONAL SHADOWS_OFF LIGHTMAP_OFF DIRLIGHTMAP_OFF DYNAMICLIGHTMAP_OFF FOG_LINEAR ok=1
Cmd: compileSnippet
  api=4 type=0 insize=6810 outsize=3898 kw=DIRECTIONAL SHADOWS_OFF LIGHTMAP_OFF DIRLIGHTMAP_OFF DYNAMICLIGHTMAP_OFF FOG_LINEAR ok=1
Cmd: compileSnippet
  api=4 type=1 insize=6810 outsize=1615 kw=DIRECTIONAL SHADOWS_OFF LIGHTMAP_OFF DIRLIGHTMAP_OFF DYNAMICLIGHTMAP_OFF FOG_LINEAR ok=1
Cmd: compileSnippet
  api=4 type=0 insize=7817 outsize=5036 kw=DIRECTIONAL SHADOWS_OFF LIGHTMAP_OFF DIRLIGHTMAP_OFF DYNAMICLIGHTMAP_OFF FOG_LINEAR ok=1
Cmd: compileSnippet
  api=4 type=1 insize=7817 outsize=4101 kw=DIRECTIONAL SHADOWS_OFF LIGHTMAP_OFF DIRLIGHTMAP_OFF DYNAMICLIGHTMAP_OFF FOG_LINEAR ok=1
Cmd: compileSnippet
  api=4 type=0 insize=7025 outsize=3898 kw=DIRECTIONAL SHADOWS_OFF LIGHTMAP_OFF DIRLIGHTMAP_OFF DYNAMICLIGHTMAP_OFF FOG_LINEAR ok=1
Cmd: compileSnippet
  api=4 type=1 insize=7025 outsize=2598 kw=DIRECTIONAL SHADOWS_OFF LIGHTMAP_OFF DIRLIGHTMAP_OFF DYNAMICLIGHTMAP_OFF FOG_LINEAR ok=1
Cmd: compileSnippet
  api=4 type=0 insize=7059 outsize=3988 kw=DIRECTIONAL SHADOWS_OFF LIGHTMAP_OFF DIRLIGHTMAP_OFF DYNAMICLIGHTMAP_OFF FOG_LINEAR ok=1
Cmd: compileSnippet
  api=4 type=1 insize=7059 outsize=1867 kw=DIRECTIONAL SHADOWS_OFF LIGHTMAP_OFF DIRLIGHTMAP_OFF DYNAMICLIGHTMAP_OFF FOG_LINEAR ok=1
Cmd: compileSnippet
  api=4 type=0 insize=7523 outsize=6287 kw=DIRECTIONAL SHADOWS_OFF LIGHTMAP_OFF DIRLIGHTMAP_OFF DYNAMICLIGHTMAP_OFF FOG_LINEAR VERTEXLIGHT_ON ok=1
Cmd: compileSnippet
  api=4 type=0 insize=6810 outsize=5353 kw=DIRECTIONAL SHADOWS_OFF LIGHTMAP_OFF DIRLIGHTMAP_OFF DYNAMICLIGHTMAP_OFF FOG_LINEAR VERTEXLIGHT_ON ok=1
Cmd: compileSnippet
  api=4 type=0 insize=7817 outsize=6449 kw=DIRECTIONAL SHADOWS_OFF LIGHTMAP_OFF DIRLIGHTMAP_OFF DYNAMICLIGHTMAP_OFF FOG_LINEAR VERTEXLIGHT_ON ok=1
Cmd: compileSnippet
  api=4 type=0 insize=7025 outsize=5353 kw=DIRECTIONAL SHADOWS_OFF LIGHTMAP_OFF DIRLIGHTMAP_OFF DYNAMICLIGHTMAP_OFF FOG_LINEAR VERTEXLIGHT_ON ok=1
Cmd: compileSnippet
  api=4 type=0 insize=7059 outsize=5442 kw=DIRECTIONAL SHADOWS_OFF LIGHTMAP_OFF DIRLIGHTMAP_OFF DYNAMICLIGHTMAP_OFF FOG_LINEAR VERTEXLIGHT_ON ok=1
Cmd: compileSnippet
  api=4 type=0 insize=619 outsize=4467 kw=FOG_LINEAR ok=1
Cmd: compileSnippet
  api=4 type=1 insize=619 outsize=1063 kw=FOG_LINEAR ok=1
Cmd: compileSnippet
  api=4 type=0 insize=631 outsize=4499 kw=FOG_LINEAR ok=1
Cmd: compileSnippet
  api=4 type=1 insize=631 outsize=1249 kw=FOG_LINEAR ok=1
Cmd: compileSnippet
  api=4 type=0 insize=1275 outsize=1956 kw=DIRECTIONAL SHADOWS_OFF ok=1
Cmd: compileSnippet
  api=4 type=1 insize=1275 outsize=3955 kw=DIRECTIONAL SHADOWS_OFF ok=1
Cmd: compileSnippet
  api=4 type=0 insize=5995 outsize=4077 kw=LIGHTMAP_OFF DIRLIGHTMAP_OFF DYNAMICLIGHTMAP_OFF HDR_LIGHT_PREPASS_OFF ok=1
Cmd: compileSnippet
  api=4 type=1 insize=5995 outsize=1363 kw=LIGHTMAP_OFF DIRLIGHTMAP_OFF DYNAMICLIGHTMAP_OFF HDR_LIGHT_PREPASS_OFF ok=1
Cmd: compileSnippet
  api=4 type=0 insize=6410 outsize=6718 kw=LIGHTMAP_OFF DIRLIGHTMAP_OFF DYNAMICLIGHTMAP_OFF HDR_LIGHT_PREPASS_OFF ok=1
Cmd: compileSnippet
  api=4 type=1 insize=6410 outsize=1891 kw=LIGHTMAP_OFF DIRLIGHTMAP_OFF DYNAMICLIGHTMAP_OFF HDR_LIGHT_PREPASS_OFF ok=1
Cmd: compileSnippet
  api=4 type=0 insize=6872 outsize=10406 kw=DIRECTIONAL SHADOWS_OFF LIGHTMAP_OFF DIRLIGHTMAP_OFF DYNAMICLIGHTMAP_OFF VERTEXLIGHT_ON ok=1
Cmd: compileSnippet
  api=4 type=0 insize=6408 outsize=4077 kw=LIGHTMAP_OFF DIRLIGHTMAP_OFF DYNAMICLIGHTMAP_OFF HDR_LIGHT_PREPASS_OFF ok=1
Cmd: compileSnippet
  api=4 type=1 insize=6408 outsize=1566 kw=LIGHTMAP_OFF DIRLIGHTMAP_OFF DYNAMICLIGHTMAP_OFF HDR_LIGHT_PREPASS_OFF ok=1
Cmd: compileSnippet
  api=4 type=0 insize=1275 outsize=1956 kw=DIRECTIONAL SHADOWS_SCREEN ok=1
Cmd: compileSnippet
  api=4 type=1 insize=1275 outsize=4256 kw=DIRECTIONAL SHADOWS_SCREEN ok=1
Cmd: compileSnippet
  api=4 type=0 insize=1275 outsize=1956 kw=POINT SHADOWS_CUBE ok=1
Cmd: compileSnippet
  api=4 type=1 insize=1275 outsize=5003 kw=POINT SHADOWS_CUBE ok=1
Cmd: compileSnippet
  api=4 type=0 insize=6872 outsize=10821 kw=DIRECTIONAL SHADOWS_SCREEN LIGHTMAP_OFF DIRLIGHTMAP_OFF DYNAMICLIGHTMAP_OFF VERTEXLIGHT_ON ok=1
Cmd: compileSnippet
  api=4 type=1 insize=6872 outsize=4589 kw=DIRECTIONAL SHADOWS_SCREEN LIGHTMAP_OFF DIRLIGHTMAP_OFF DYNAMICLIGHTMAP_OFF ok=1
